<?xml version="1.0" encoding="UTF-8"?>
<testsuite name="com.vampbear.jappalyzer.PatternWithVersionTest" tests="2" skipped="0" failures="0" errors="0" timestamp="2025-01-14T13:25:40" hostname="DESKTOP-OTSL3VQ" time="0.001">
  <properties/>
  <testcase name="shouldContainsVersion" classname="com.vampbear.jappalyzer.PatternWithVersionTest" time="0.0"/>
  <testcase name="shouldNotContainsVersion" classname="com.vampbear.jappalyzer.PatternWithVersionTest" time="0.001"/>
  <system-out><![CDATA[]]></system-out>
  <system-err><![CDATA[]]></system-err>
</testsuite>
