<?xml version="1.0" encoding="UTF-8"?>
<testsuite name="com.vampbear.jappalyzer.PatternWithVersionTest" tests="2" skipped="0" failures="0" errors="0" timestamp="2025-01-13T21:34:21" hostname="MATEUS" time="0.001">
  <properties/>
  <testcase name="shouldContainsVersion" classname="com.vampbear.jappalyzer.PatternWithVersionTest" time="0.001"/>
  <testcase name="shouldNotContainsVersion" classname="com.vampbear.jappalyzer.PatternWithVersionTest" time="0.0"/>
  <system-out><![CDATA[]]></system-out>
  <system-err><![CDATA[]]></system-err>
</testsuite>
