<?xml version="1.0" encoding="UTF-8"?>
<testsuite name="com.vampbear.jappalyzer.JappalyzerTests" tests="10" skipped="0" failures="0" errors="0" timestamp="2025-01-14T13:25:36" hostname="DESKTOP-OTSL3VQ" time="3.391">
  <properties/>
  <testcase name="twitterTest" classname="com.vampbear.jappalyzer.JappalyzerTests" time="0.38"/>
  <testcase name="yandexTest" classname="com.vampbear.jappalyzer.JappalyzerTests" time="1.118"/>
  <testcase name="sportConrodTest" classname="com.vampbear.jappalyzer.JappalyzerTests" time="0.628"/>
  <testcase name="shouldReturnTechnologiesWithTwoLevelImplies" classname="com.vampbear.jappalyzer.JappalyzerTests" time="0.081"/>
  <testcase name="queryMigrateMissTest" classname="com.vampbear.jappalyzer.JappalyzerTests" time="0.002"/>
  <testcase name="baeldungTest" classname="com.vampbear.jappalyzer.JappalyzerTests" time="0.258"/>
  <testcase name="shouldMatchMagento" classname="com.vampbear.jappalyzer.JappalyzerTests" time="0.383"/>
  <testcase name="shouldDetectAbicartTechnology" classname="com.vampbear.jappalyzer.JappalyzerTests" time="0.002"/>
  <testcase name="shouldReturnTechnologiesWithDirectImplies" classname="com.vampbear.jappalyzer.JappalyzerTests" time="0.186"/>
  <testcase name="wordpressComTest" classname="com.vampbear.jappalyzer.JappalyzerTests" time="0.353"/>
  <system-out><![CDATA[]]></system-out>
  <system-err><![CDATA[]]></system-err>
</testsuite>
